<?xml version="1.0" encoding="UTF-8"?>
<Site BuildName="Win32-mingw32-make"
	BuildStamp="20240401-0146-Experimental"
	Name="MSI"
	Generator="ctest-3.28.2"
	CompilerName="C:/msys64/ucrt64/bin/g++.exe"
	CompilerVersion="13.2.0"
	OSName="Windows"
	Hostname="MSI"
	OSRelease=" Personal"
	OSVersion=" (Build 9200)"
	OSPlatform="AMD64"
	Is64Bits="1"
	VendorString=""
	VendorID="Unknown Manufacturer"
	FamilyID="0"
	ModelID="0"
	ProcessorCacheSize="0"
	NumberOfLogicalCPU="20"
	NumberOfPhysicalCPU="14"
	TotalVirtualMemory="34447"
	TotalPhysicalMemory="16085"
	LogicalProcessorsPerPhysical="1"
	ProcessorClockFrequency="1997"
	>
	<Testing>
		<StartDateTime>Mar 31 21:46 Eastern Daylight Time</StartDateTime>
		<StartTestTime>1711936012</StartTestTime>
		<TestList/>
		<EndDateTime>Mar 31 21:46 Eastern Daylight Time</EndDateTime>
		<EndTestTime>1711936012</EndTestTime>
		<ElapsedMinutes>0</ElapsedMinutes>
	</Testing>
</Site>
